#
# A fatal error has been detected by the Java Runtime Environment:
#
#  Internal Error (classFileParser.cpp:3375), pid=10232, tid=9800
#  Error: ShouldNotReachHere()
#
# JRE version: 6.0_24-b07
# Java VM: Java HotSpot(TM) Client VM (19.1-b02 mixed mode windows-x86 )
# If you would like to submit a bug report, please visit:
#   http://java.sun.com/webapps/bugreport/crash.jsp
#

---------------  T H R E A D  ---------------

Current thread (0x02128400):  JavaThread "Unknown thread" [_thread_in_vm, id=9800, stack(0x00240000,0x00290000)]

Stack: [0x00240000,0x00290000],  sp=0x0028f87c,  free space=318k
Native frames: (J=compiled Java code, j=interpreted, Vv=VM code, C=native code)
V  [jvm.dll+0x1fa487]
V  [jvm.dll+0xa337b]
V  [jvm.dll+0x747c8]
V  [jvm.dll+0x75fef]
V  [jvm.dll+0x1c9fc5]
V  [jvm.dll+0x1ca826]
V  [jvm.dll+0x1cabd5]
V  [jvm.dll+0x1cac69]
V  [jvm.dll+0x1cad2c]
V  [jvm.dll+0x1cadaa]
V  [jvm.dll+0x1cae8d]
V  [jvm.dll+0x1cb132]
V  [jvm.dll+0x1ea453]
V  [jvm.dll+0x1ea82c]
V  [jvm.dll+0xd9b4c]
V  [jvm.dll+0x1e3b96]
V  [jvm.dll+0x1033b0]
C  [javaw.exe+0x1657]
C  [javaw.exe+0x1e2c]
C  [javaw.exe+0x8614]
C  [kernel32.dll+0x133aa]
C  [ntdll.dll+0x39ef2]
C  [ntdll.dll+0x39ec5]


---------------  P R O C E S S  ---------------

Java Threads: ( => current thread )

Other Threads:

=>0x02128400 (exited) JavaThread "Unknown thread" [_thread_in_vm, id=9800, stack(0x00240000,0x00290000)]

VM state:not at safepoint (not fully initialized)

VM Mutex/Monitor currently owned by a thread: None

Dynamic libraries:
0x00400000 - 0x00424000 	C:\Devtree\tools\jdk\windows\jdk-1.6.0_24\bin\javaw.exe
0x77670000 - 0x777f0000 	C:\Windows\SysWOW64\ntdll.dll
0x76f30000 - 0x77040000 	C:\Windows\syswow64\kernel32.dll
0x75640000 - 0x75687000 	C:\Windows\syswow64\KERNELBASE.dll
0x75230000 - 0x752d0000 	C:\Windows\syswow64\ADVAPI32.dll
0x76090000 - 0x7613c000 	C:\Windows\syswow64\msvcrt.dll
0x75690000 - 0x756a9000 	C:\Windows\SysWOW64\sechost.dll
0x752d0000 - 0x753c0000 	C:\Windows\syswow64\RPCRT4.dll
0x751d0000 - 0x75230000 	C:\Windows\syswow64\SspiCli.dll
0x751c0000 - 0x751cc000 	C:\Windows\syswow64\CRYPTBASE.dll
0x756b0000 - 0x757b0000 	C:\Windows\syswow64\USER32.dll
0x771e0000 - 0x77270000 	C:\Windows\syswow64\GDI32.dll
0x76140000 - 0x7614a000 	C:\Windows\syswow64\LPK.dll
0x76150000 - 0x761ed000 	C:\Windows\syswow64\USP10.dll
0x755e0000 - 0x75640000 	C:\Windows\system32\IMM32.DLL
0x75ab0000 - 0x75b7c000 	C:\Windows\syswow64\MSCTF.dll
0x7c340000 - 0x7c396000 	C:\Devtree\tools\jdk\windows\jdk-1.6.0_24\jre\bin\msvcr71.dll
0x6d8a0000 - 0x6db46000 	C:\Devtree\tools\jdk\windows\jdk-1.6.0_24\jre\bin\client\jvm.dll
0x73d40000 - 0x73d72000 	C:\Windows\system32\WINMM.dll
0x74580000 - 0x745cc000 	C:\Windows\system32\apphelp.dll
0x6d850000 - 0x6d85c000 	C:\Devtree\tools\jdk\windows\jdk-1.6.0_24\jre\bin\verify.dll
0x6d3d0000 - 0x6d3ef000 	C:\Devtree\tools\jdk\windows\jdk-1.6.0_24\jre\bin\java.dll
0x6d330000 - 0x6d338000 	C:\Devtree\tools\jdk\windows\jdk-1.6.0_24\jre\bin\hpi.dll
0x77640000 - 0x77645000 	C:\Windows\syswow64\PSAPI.DLL
0x6d420000 - 0x6d449000 	C:\Devtree\tools\jdk\windows\jdk-1.6.0_24\jre\bin\jdwp.dll
0x6d740000 - 0x6d746000 	C:\Devtree\tools\jdk\windows\jdk-1.6.0_24\jre\bin\npt.dll
0x6d890000 - 0x6d89f000 	C:\Devtree\tools\jdk\windows\jdk-1.6.0_24\jre\bin\zip.dll

VM Arguments:
jvm_args: -agentlib:jdwp=transport=dt_socket,suspend=y,address=localhost:23371 -Dfile.encoding=Cp1252 -Xbootclasspath:C:\Devtree\tools\adt-bundle-windows-x86_64-20130917\sdk\platforms\android-18\android.jar 
java_command: com.example.whereami.Main
Launcher Type: SUN_STANDARD

Environment Variables:
JAVA_HOME=C:\Devtree\tools\jdk\windows\jdk-1.7.0_25
PATH=C:\Devtree\tools\jdk\windows\jdk-1.6.0_24\jre\bin;C:/Devtree/tools/jdk/windows/jdk-1.7.0_25/bin/server;C:/Devtree/tools/jdk/windows/jdk-1.7.0_25/bin;C:/Devtree/tools/jdk/windows/jdk-1.7.0_25/lib/amd64;C:\Devtree\tools\jdk\windows\jdk-1.7.0_25\bin;C:\sybase\JS-12_5\bin;C:\sybase\OCS-12_5\lib3p;C:\sybase\OCS-12_5\dll;C:\sybase\OCS-12_5\bin;C:\Sybase\DBISQL\bin;C:\Sybase\DataAccess\ADONET\dll;C:\Sybase\DataAccess\ODBC\dll;C:\Sybase\DataAccess\OLEDB\dll;C:\Sybase\OCS-15_0\lib3p;C:\Sybase\OCS-15_0\dll;C:\Sybase\OCS-15_0\bin;C:\Windows\system32;C:\Windows;C:\Windows\System32\Wbem;C:\Windows\System32\WindowsPowerShell\v1.0\;C:\Program Files (x86)\Microsoft SQL Server\100\Tools\Binn\VSShell\Common7\IDE\;C:\Program Files (x86)\Microsoft SQL Server\100\Tools\Binn\;C:\Program Files\Microsoft SQL Server\100\Tools\Binn\;C:\Program Files (x86)\Microsoft SQL Server\100\DTS\Binn\;c:\Program Files\Microsoft SQL Server\100\DTS\Binn\;C:\blp\Api\dde;C:\blp\Api;C:\Program Files (x86)\CVSNT\;C:\Program Files\SSH Communications Security\SSH Secure Shell;C:\Users\isards\AppData\Roaming\cabal\bin;C:\Devtree\tools\ant\ant-1.8.4\bin;C:\Devtree\tools\jdk\windows\jdk-1.7.0_25\bin;C:\Devtree\bin;C:\workspace\cvs;C:\Devtree\tools\R\R-2.15.1\bin;C:\Devtree\tools\eclipse;C:\Devtree\tools\emacs-24.3\bin;C:\Users\isards\AppData\Local\Google\Chrome\Application;C:\Devtree\Rtools\bin;C:\Devtree\Rtools\gcc-4.6.3\bin;C:\Devtree\tools\git\bin;C:\Devtree\tools\MiKTeX\miktex\bin;C:\Devtree\tools\haskell\2013_2_0_0\bin;;C:\Devtree\tools\adt-bundle-windows-x86_64-20130917\eclipse;
USERNAME=isards
OS=Windows_NT
PROCESSOR_IDENTIFIER=Intel64 Family 6 Model 45 Stepping 7, GenuineIntel



---------------  S Y S T E M  ---------------

OS: Windows 7 Build 7601 Service Pack 1

CPU:total 8 (4 cores per cpu, 2 threads per core) family 6 model 45 stepping 7, cmov, cx8, fxsr, mmx, sse, sse2, sse3, ssse3, sse4.1, sse4.2, popcnt, ht

Memory: 4k page, physical 8310352k(2777072k free), swap 16618844k(10125700k free)

vm_info: Java HotSpot(TM) Client VM (19.1-b02) for windows-x86 JRE (1.6.0_24-b07), built on Feb  2 2011 17:44:41 by "java_re" with MS VC++ 7.1 (VS2003)

time: Mon Oct 28 23:30:04 2013
elapsed time: 0 seconds

